<?xml version="1.0" encoding="UTF-8"?>
<testsuite xmlns:xsi="http://www.w3.org/2001/XMLSchema-instance" xsi:noNamespaceSchemaLocation="https://maven.apache.org/surefire/maven-surefire-plugin/xsd/surefire-test-report.xsd" name="com.example.BasicApplicationTests" time="0.297" tests="1" errors="1" skipped="0" failures="0">
  <properties>
    <property name="sun.desktop" value="windows"/>
    <property name="awt.toolkit" value="sun.awt.windows.WToolkit"/>
    <property name="file.encoding.pkg" value="sun.io"/>
    <property name="java.specification.version" value="1.8"/>
    <property name="sun.cpu.isalist" value="amd64"/>
    <property name="sun.jnu.encoding" value="Cp1252"/>
    <property name="java.class.path" value="C:\Workspace\VaadinNavigation\target\test-classes;C:\Workspace\VaadinNavigation\target\classes;C:\Users\Frank\.m2\repository\org\springframework\boot\spring-boot-starter\2.1.2.RELEASE\spring-boot-starter-2.1.2.RELEASE.jar;C:\Users\Frank\.m2\repository\org\springframework\boot\spring-boot\2.1.2.RELEASE\spring-boot-2.1.2.RELEASE.jar;C:\Users\Frank\.m2\repository\org\springframework\spring-context\5.1.4.RELEASE\spring-context-5.1.4.RELEASE.jar;C:\Users\Frank\.m2\repository\org\springframework\boot\spring-boot-autoconfigure\2.1.2.RELEASE\spring-boot-autoconfigure-2.1.2.RELEASE.jar;C:\Users\Frank\.m2\repository\org\springframework\boot\spring-boot-starter-logging\2.1.2.RELEASE\spring-boot-starter-logging-2.1.2.RELEASE.jar;C:\Users\Frank\.m2\repository\ch\qos\logback\logback-classic\1.2.3\logback-classic-1.2.3.jar;C:\Users\Frank\.m2\repository\ch\qos\logback\logback-core\1.2.3\logback-core-1.2.3.jar;C:\Users\Frank\.m2\repository\org\apache\logging\log4j\log4j-to-slf4j\2.11.1\log4j-to-slf4j-2.11.1.jar;C:\Users\Frank\.m2\repository\org\apache\logging\log4j\log4j-api\2.11.1\log4j-api-2.11.1.jar;C:\Users\Frank\.m2\repository\org\slf4j\jul-to-slf4j\1.7.25\jul-to-slf4j-1.7.25.jar;C:\Users\Frank\.m2\repository\javax\annotation\javax.annotation-api\1.3.2\javax.annotation-api-1.3.2.jar;C:\Users\Frank\.m2\repository\org\springframework\spring-core\5.1.4.RELEASE\spring-core-5.1.4.RELEASE.jar;C:\Users\Frank\.m2\repository\org\springframework\spring-jcl\5.1.4.RELEASE\spring-jcl-5.1.4.RELEASE.jar;C:\Users\Frank\.m2\repository\org\yaml\snakeyaml\1.23\snakeyaml-1.23.jar;C:\Users\Frank\.m2\repository\org\springframework\boot\spring-boot-starter-web\2.1.2.RELEASE\spring-boot-starter-web-2.1.2.RELEASE.jar;C:\Users\Frank\.m2\repository\org\springframework\boot\spring-boot-starter-json\2.1.2.RELEASE\spring-boot-starter-json-2.1.2.RELEASE.jar;C:\Users\Frank\.m2\repository\com\fasterxml\jackson\core\jackson-databind\2.9.8\jackson-databind-2.9.8.jar;C:\Users\Frank\.m2\repository\com\fasterxml\jackson\core\jackson-annotations\2.9.0\jackson-annotations-2.9.0.jar;C:\Users\Frank\.m2\repository\com\fasterxml\jackson\core\jackson-core\2.9.8\jackson-core-2.9.8.jar;C:\Users\Frank\.m2\repository\com\fasterxml\jackson\datatype\jackson-datatype-jdk8\2.9.8\jackson-datatype-jdk8-2.9.8.jar;C:\Users\Frank\.m2\repository\com\fasterxml\jackson\datatype\jackson-datatype-jsr310\2.9.8\jackson-datatype-jsr310-2.9.8.jar;C:\Users\Frank\.m2\repository\com\fasterxml\jackson\module\jackson-module-parameter-names\2.9.8\jackson-module-parameter-names-2.9.8.jar;C:\Users\Frank\.m2\repository\org\springframework\boot\spring-boot-starter-tomcat\2.1.2.RELEASE\spring-boot-starter-tomcat-2.1.2.RELEASE.jar;C:\Users\Frank\.m2\repository\org\apache\tomcat\embed\tomcat-embed-core\9.0.14\tomcat-embed-core-9.0.14.jar;C:\Users\Frank\.m2\repository\org\apache\tomcat\embed\tomcat-embed-el\9.0.14\tomcat-embed-el-9.0.14.jar;C:\Users\Frank\.m2\repository\org\apache\tomcat\embed\tomcat-embed-websocket\9.0.14\tomcat-embed-websocket-9.0.14.jar;C:\Users\Frank\.m2\repository\org\hibernate\validator\hibernate-validator\6.0.14.Final\hibernate-validator-6.0.14.Final.jar;C:\Users\Frank\.m2\repository\javax\validation\validation-api\2.0.1.Final\validation-api-2.0.1.Final.jar;C:\Users\Frank\.m2\repository\org\jboss\logging\jboss-logging\3.3.2.Final\jboss-logging-3.3.2.Final.jar;C:\Users\Frank\.m2\repository\com\fasterxml\classmate\1.4.0\classmate-1.4.0.jar;C:\Users\Frank\.m2\repository\org\springframework\spring-web\5.1.4.RELEASE\spring-web-5.1.4.RELEASE.jar;C:\Users\Frank\.m2\repository\org\springframework\spring-beans\5.1.4.RELEASE\spring-beans-5.1.4.RELEASE.jar;C:\Users\Frank\.m2\repository\org\springframework\spring-webmvc\5.1.4.RELEASE\spring-webmvc-5.1.4.RELEASE.jar;C:\Users\Frank\.m2\repository\org\springframework\spring-aop\5.1.4.RELEASE\spring-aop-5.1.4.RELEASE.jar;C:\Users\Frank\.m2\repository\org\springframework\spring-expression\5.1.4.RELEASE\spring-expression-5.1.4.RELEASE.jar;C:\Users\Frank\.m2\repository\org\springframework\boot\spring-boot-starter-web-services\2.1.2.RELEASE\spring-boot-starter-web-services-2.1.2.RELEASE.jar;C:\Users\Frank\.m2\repository\com\sun\xml\messaging\saaj\saaj-impl\1.5.0\saaj-impl-1.5.0.jar;C:\Users\Frank\.m2\repository\javax\xml\soap\javax.xml.soap-api\1.4.0\javax.xml.soap-api-1.4.0.jar;C:\Users\Frank\.m2\repository\org\jvnet\mimepull\mimepull\1.9.10\mimepull-1.9.10.jar;C:\Users\Frank\.m2\repository\org\jvnet\staxex\stax-ex\1.8\stax-ex-1.8.jar;C:\Users\Frank\.m2\repository\javax\xml\ws\jaxws-api\2.3.1\jaxws-api-2.3.1.jar;C:\Users\Frank\.m2\repository\javax\xml\bind\jaxb-api\2.3.1\jaxb-api-2.3.1.jar;C:\Users\Frank\.m2\repository\javax\activation\javax.activation-api\1.2.0\javax.activation-api-1.2.0.jar;C:\Users\Frank\.m2\repository\org\springframework\spring-oxm\5.1.4.RELEASE\spring-oxm-5.1.4.RELEASE.jar;C:\Users\Frank\.m2\repository\org\springframework\ws\spring-ws-core\3.0.6.RELEASE\spring-ws-core-3.0.6.RELEASE.jar;C:\Users\Frank\.m2\repository\org\springframework\ws\spring-xml\3.0.6.RELEASE\spring-xml-3.0.6.RELEASE.jar;C:\Users\Frank\.m2\repository\commons-io\commons-io\2.5\commons-io-2.5.jar;C:\Users\Frank\.m2\repository\org\springframework\boot\spring-boot-configuration-processor\2.1.2.RELEASE\spring-boot-configuration-processor-2.1.2.RELEASE.jar;C:\Users\Frank\.m2\repository\org\springframework\boot\spring-boot-starter-test\2.1.2.RELEASE\spring-boot-starter-test-2.1.2.RELEASE.jar;C:\Users\Frank\.m2\repository\org\springframework\boot\spring-boot-test\2.1.2.RELEASE\spring-boot-test-2.1.2.RELEASE.jar;C:\Users\Frank\.m2\repository\org\springframework\boot\spring-boot-test-autoconfigure\2.1.2.RELEASE\spring-boot-test-autoconfigure-2.1.2.RELEASE.jar;C:\Users\Frank\.m2\repository\com\jayway\jsonpath\json-path\2.4.0\json-path-2.4.0.jar;C:\Users\Frank\.m2\repository\net\minidev\json-smart\2.3\json-smart-2.3.jar;C:\Users\Frank\.m2\repository\net\minidev\accessors-smart\1.2\accessors-smart-1.2.jar;C:\Users\Frank\.m2\repository\org\ow2\asm\asm\5.0.4\asm-5.0.4.jar;C:\Users\Frank\.m2\repository\org\slf4j\slf4j-api\1.7.25\slf4j-api-1.7.25.jar;C:\Users\Frank\.m2\repository\junit\junit\4.12\junit-4.12.jar;C:\Users\Frank\.m2\repository\org\assertj\assertj-core\3.11.1\assertj-core-3.11.1.jar;C:\Users\Frank\.m2\repository\org\mockito\mockito-core\2.23.4\mockito-core-2.23.4.jar;C:\Users\Frank\.m2\repository\net\bytebuddy\byte-buddy\1.9.7\byte-buddy-1.9.7.jar;C:\Users\Frank\.m2\repository\net\bytebuddy\byte-buddy-agent\1.9.7\byte-buddy-agent-1.9.7.jar;C:\Users\Frank\.m2\repository\org\objenesis\objenesis\2.6\objenesis-2.6.jar;C:\Users\Frank\.m2\repository\org\hamcrest\hamcrest-core\1.3\hamcrest-core-1.3.jar;C:\Users\Frank\.m2\repository\org\hamcrest\hamcrest-library\1.3\hamcrest-library-1.3.jar;C:\Users\Frank\.m2\repository\org\skyscreamer\jsonassert\1.5.0\jsonassert-1.5.0.jar;C:\Users\Frank\.m2\repository\com\vaadin\external\google\android-json\0.0.20131108.vaadin1\android-json-0.0.20131108.vaadin1.jar;C:\Users\Frank\.m2\repository\org\springframework\spring-test\5.1.4.RELEASE\spring-test-5.1.4.RELEASE.jar;C:\Users\Frank\.m2\repository\org\xmlunit\xmlunit-core\2.6.2\xmlunit-core-2.6.2.jar;C:\Users\Frank\.m2\repository\com\vaadin\vaadin-spring-boot-starter\12.0.3\vaadin-spring-boot-starter-12.0.3.jar;C:\Users\Frank\.m2\repository\com\vaadin\vaadin-spring\10.1.1\vaadin-spring-10.1.1.jar;C:\Users\Frank\.m2\repository\com\vaadin\flow-server\1.2.3\flow-server-1.2.3.jar;C:\Users\Frank\.m2\repository\com\vaadin\external\gwt\gwt-elemental\2.8.2.vaadin2\gwt-elemental-2.8.2.vaadin2.jar;C:\Users\Frank\.m2\repository\commons-fileupload\commons-fileupload\1.3.3\commons-fileupload-1.3.3.jar;C:\Users\Frank\.m2\repository\org\jsoup\jsoup\1.10.3\jsoup-1.10.3.jar;C:\Users\Frank\.m2\repository\com\helger\ph-css\6.1.1\ph-css-6.1.1.jar;C:\Users\Frank\.m2\repository\com\helger\ph-commons\9.1.2\ph-commons-9.1.2.jar;C:\Users\Frank\.m2\repository\com\google\code\findbugs\jsr305\3.0.2\jsr305-3.0.2.jar;C:\Users\Frank\.m2\repository\com\vaadin\external\gentyref\1.2.0.vaadin1\gentyref-1.2.0.vaadin1.jar;C:\Users\Frank\.m2\repository\com\vaadin\flow-push\1.2.3\flow-push-1.2.3.jar;C:\Users\Frank\.m2\repository\com\vaadin\external\atmosphere\atmosphere-runtime\2.4.30.vaadin1\atmosphere-runtime-2.4.30.vaadin1.jar;C:\Users\Frank\.m2\repository\com\vaadin\external\slf4j\vaadin-slf4j-jdk14\1.6.1\vaadin-slf4j-jdk14-1.6.1.jar;C:\Users\Frank\.m2\repository\com\vaadin\flow-client\1.2.3\flow-client-1.2.3.jar;C:\Users\Frank\.m2\repository\org\springframework\spring-websocket\5.1.4.RELEASE\spring-websocket-5.1.4.RELEASE.jar;C:\Users\Frank\.m2\repository\com\vaadin\vaadin-core\12.0.3\vaadin-core-12.0.3.jar;C:\Users\Frank\.m2\repository\com\vaadin\flow-html-components\1.2.3\flow-html-components-1.2.3.jar;C:\Users\Frank\.m2\repository\com\vaadin\flow-data\1.2.3\flow-data-1.2.3.jar;C:\Users\Frank\.m2\repository\com\vaadin\vaadin-lumo-theme\1.2.3\vaadin-lumo-theme-1.2.3.jar;C:\Users\Frank\.m2\repository\org\webjars\bowergithub\vaadin\vaadin-lumo-styles\1.3.3\vaadin-lumo-styles-1.3.3.jar;C:\Users\Frank\.m2\repository\org\webjars\bowergithub\polymerelements\iron-icon\2.1.0\iron-icon-2.1.0.jar;C:\Users\Frank\.m2\repository\org\webjars\bowergithub\polymerelements\iron-meta\2.1.1\iron-meta-2.1.1.jar;C:\Users\Frank\.m2\repository\org\webjars\bowergithub\polymerelements\iron-iconset-svg\2.2.1\iron-iconset-svg-2.2.1.jar;C:\Users\Frank\.m2\repository\org\webjars\bowergithub\polymerelements\iron-flex-layout\2.0.3\iron-flex-layout-2.0.3.jar;C:\Users\Frank\.m2\repository\org\webjars\bowergithub\polymer\polymer\2.6.1\polymer-2.6.1.jar;C:\Users\Frank\.m2\repository\org\webjars\bowergithub\webcomponents\webcomponentsjs\1.2.6\webcomponentsjs-1.2.6.jar;C:\Users\Frank\.m2\repository\org\webjars\bowergithub\webcomponents\shadycss\1.5.0-1\shadycss-1.5.0-1.jar;C:\Users\Frank\.m2\repository\com\vaadin\vaadin-material-theme\1.2.3\vaadin-material-theme-1.2.3.jar;C:\Users\Frank\.m2\repository\org\webjars\bowergithub\vaadin\vaadin-material-styles\1.2.0\vaadin-material-styles-1.2.0.jar;C:\Users\Frank\.m2\repository\com\vaadin\vaadin-button-flow\1.2.0\vaadin-button-flow-1.2.0.jar;C:\Users\Frank\.m2\repository\org\webjars\bowergithub\vaadin\vaadin-button\2.1.1\vaadin-button-2.1.1.jar;C:\Users\Frank\.m2\repository\org\webjars\bowergithub\vaadin\vaadin-element-mixin\2.1.2\vaadin-element-mixin-2.1.2.jar;C:\Users\Frank\.m2\repository\org\webjars\bowergithub\vaadin\vaadin-usage-statistics\2.0.1\vaadin-usage-statistics-2.0.1.jar;C:\Users\Frank\.m2\repository\org\webjars\bowergithub\vaadin\vaadin-development-mode-detector\2.0.0\vaadin-development-mode-detector-2.0.0.jar;C:\Users\Frank\.m2\repository\org\webjars\bowergithub\vaadin\vaadin-control-state-mixin\2.1.2\vaadin-control-state-mixin-2.1.2.jar;C:\Users\Frank\.m2\repository\org\webjars\bowergithub\vaadin\vaadin-themable-mixin\1.3.2\vaadin-themable-mixin-1.3.2.jar;C:\Users\Frank\.m2\repository\com\vaadin\vaadin-checkbox-flow\1.2.0\vaadin-checkbox-flow-1.2.0.jar;C:\Users\Frank\.m2\repository\org\webjars\bowergithub\vaadin\vaadin-checkbox\2.2.4\vaadin-checkbox-2.2.4.jar;C:\Users\Frank\.m2\repository\com\vaadin\vaadin-combo-box-flow\2.0.1\vaadin-combo-box-flow-2.0.1.jar;C:\Users\Frank\.m2\repository\org\webjars\bowergithub\vaadin\vaadin-combo-box\4.2.1\vaadin-combo-box-4.2.1.jar;C:\Users\Frank\.m2\repository\org\webjars\bowergithub\vaadin\vaadin-text-field\2.1.5\vaadin-text-field-2.1.5.jar;C:\Users\Frank\.m2\repository\org\webjars\bowergithub\polymerelements\iron-resizable-behavior\2.1.1\iron-resizable-behavior-2.1.1.jar;C:\Users\Frank\.m2\repository\org\webjars\bowergithub\polymerelements\iron-a11y-announcer\2.1.0\iron-a11y-announcer-2.1.0.jar;C:\Users\Frank\.m2\repository\org\webjars\bowergithub\polymerelements\iron-list\2.0.19\iron-list-2.0.19.jar;C:\Users\Frank\.m2\repository\org\webjars\bowergithub\polymerelements\iron-scroll-target-behavior\2.1.1\iron-scroll-target-behavior-2.1.1.jar;C:\Users\Frank\.m2\repository\org\webjars\bowergithub\polymerelements\iron-a11y-keys-behavior\2.1.1\iron-a11y-keys-behavior-2.1.1.jar;C:\Users\Frank\.m2\repository\org\webjars\bowergithub\vaadin\vaadin-item\2.1.0\vaadin-item-2.1.0.jar;C:\Users\Frank\.m2\repository\org\webjars\bowergithub\vaadin\vaadin-overlay\3.2.4\vaadin-overlay-3.2.4.jar;C:\Users\Frank\.m2\repository\org\webjars\bowergithub\polymerelements\iron-overlay-behavior\2.3.4\iron-overlay-behavior-2.3.4.jar;C:\Users\Frank\.m2\repository\org\webjars\bowergithub\polymerelements\iron-fit-behavior\2.2.1\iron-fit-behavior-2.2.1.jar;C:\Users\Frank\.m2\repository\com\vaadin\vaadin-date-picker-flow\1.2.1\vaadin-date-picker-flow-1.2.1.jar;C:\Users\Frank\.m2\repository\org\webjars\bowergithub\vaadin\vaadin-date-picker\3.3.2\vaadin-date-picker-3.3.2.jar;C:\Users\Frank\.m2\repository\org\webjars\bowergithub\polymerelements\iron-media-query\2.1.0\iron-media-query-2.1.0.jar;C:\Users\Frank\.m2\repository\com\vaadin\vaadin-dialog-flow\1.2.0\vaadin-dialog-flow-1.2.0.jar;C:\Users\Frank\.m2\repository\org\webjars\bowergithub\vaadin\vaadin-dialog\2.2.1\vaadin-dialog-2.2.1.jar;C:\Users\Frank\.m2\repository\com\vaadin\vaadin-form-layout-flow\1.2.0\vaadin-form-layout-flow-1.2.0.jar;C:\Users\Frank\.m2\repository\org\webjars\bowergithub\vaadin\vaadin-form-layout\2.1.1\vaadin-form-layout-2.1.1.jar;C:\Users\Frank\.m2\repository\com\vaadin\vaadin-grid-flow\2.1.3\vaadin-grid-flow-2.1.3.jar;C:\Users\Frank\.m2\repository\org\webjars\bowergithub\vaadin\vaadin-grid\5.2.5\vaadin-grid-5.2.5.jar;C:\Users\Frank\.m2\repository\org\apache\commons\commons-lang3\3.8.1\commons-lang3-3.8.1.jar;C:\Users\Frank\.m2\repository\com\vaadin\vaadin-icons-flow\1.2.0\vaadin-icons-flow-1.2.0.jar;C:\Users\Frank\.m2\repository\org\webjars\bowergithub\vaadin\vaadin-icons\4.2.1\vaadin-icons-4.2.1.jar;C:\Users\Frank\.m2\repository\com\vaadin\vaadin-iron-list-flow\1.2.1\vaadin-iron-list-flow-1.2.1.jar;C:\Users\Frank\.m2\repository\com\vaadin\vaadin-list-box-flow\1.2.0\vaadin-list-box-flow-1.2.0.jar;C:\Users\Frank\.m2\repository\org\webjars\bowergithub\vaadin\vaadin-list-box\1.1.0\vaadin-list-box-1.1.0.jar;C:\Users\Frank\.m2\repository\org\webjars\bowergithub\vaadin\vaadin-list-mixin\2.1.2\vaadin-list-mixin-2.1.2.jar;C:\Users\Frank\.m2\repository\com\vaadin\vaadin-ordered-layout-flow\1.2.0\vaadin-ordered-layout-flow-1.2.0.jar;C:\Users\Frank\.m2\repository\org\webjars\bowergithub\vaadin\vaadin-ordered-layout\1.1.0\vaadin-ordered-layout-1.1.0.jar;C:\Users\Frank\.m2\repository\com\vaadin\vaadin-progress-bar-flow\1.2.0\vaadin-progress-bar-flow-1.2.0.jar;C:\Users\Frank\.m2\repository\org\webjars\bowergithub\vaadin\vaadin-progress-bar\1.1.0\vaadin-progress-bar-1.1.0.jar;C:\Users\Frank\.m2\repository\com\vaadin\vaadin-radio-button-flow\1.2.0\vaadin-radio-button-flow-1.2.0.jar;C:\Users\Frank\.m2\repository\org\webjars\bowergithub\vaadin\vaadin-radio-button\1.1.3\vaadin-radio-button-1.1.3.jar;C:\Users\Frank\.m2\repository\com\vaadin\vaadin-split-layout-flow\1.2.0\vaadin-split-layout-flow-1.2.0.jar;C:\Users\Frank\.m2\repository\org\webjars\bowergithub\vaadin\vaadin-split-layout\4.1.0\vaadin-split-layout-4.1.0.jar;C:\Users\Frank\.m2\repository\com\vaadin\vaadin-tabs-flow\1.2.0\vaadin-tabs-flow-1.2.0.jar;C:\Users\Frank\.m2\repository\org\webjars\bowergithub\vaadin\vaadin-tabs\2.1.1\vaadin-tabs-2.1.1.jar;C:\Users\Frank\.m2\repository\com\vaadin\vaadin-text-field-flow\1.2.1\vaadin-text-field-flow-1.2.1.jar;C:\Users\Frank\.m2\repository\com\vaadin\vaadin-upload-flow\1.2.0\vaadin-upload-flow-1.2.0.jar;C:\Users\Frank\.m2\repository\org\webjars\bowergithub\vaadin\vaadin-upload\4.2.1\vaadin-upload-4.2.1.jar;C:\Users\Frank\.m2\repository\com\vaadin\vaadin-notification-flow\1.2.0\vaadin-notification-flow-1.2.0.jar;C:\Users\Frank\.m2\repository\org\webjars\bowergithub\vaadin\vaadin-notification\1.2.1\vaadin-notification-1.2.1.jar;C:\Users\Frank\.m2\repository\com\vaadin\vaadin-app-layout-flow\1.0.3\vaadin-app-layout-flow-1.0.3.jar;C:\Users\Frank\.m2\repository\org\webjars\bowergithub\vaadin\vaadin-app-layout\1.0.2\vaadin-app-layout-1.0.2.jar;C:\Users\Frank\.m2\repository\com\vaadin\vaadin-context-menu-flow\1.2.2\vaadin-context-menu-flow-1.2.2.jar;C:\Users\Frank\.m2\repository\org\webjars\bowergithub\vaadin\vaadin-context-menu\4.2.1\vaadin-context-menu-4.2.1.jar;"/>
    <property name="java.vm.vendor" value="Oracle Corporation"/>
    <property name="sun.arch.data.model" value="64"/>
    <property name="user.variant" value=""/>
    <property name="java.vendor.url" value="http://java.oracle.com/"/>
    <property name="user.timezone" value="Europe/Berlin"/>
    <property name="java.vm.specification.version" value="1.8"/>
    <property name="os.name" value="Windows 10"/>
    <property name="sun.java.launcher" value="SUN_STANDARD"/>
    <property name="user.country" value="DE"/>
    <property name="sun.boot.library.path" value="C:\Program Files\Java\jdk1.8.0_144\jre\bin"/>
    <property name="sun.java.command" value="C:\Users\Frank\AppData\Local\Temp\surefire2054666256504484953\surefirebooter6376693565474627805.jar C:\Users\Frank\AppData\Local\Temp\surefire2054666256504484953 2019-01-27T16-48-23_082-jvmRun1 surefire6599894546193772305tmp surefire_04127127386004251012tmp"/>
    <property name="surefire.test.class.path" value="C:\Workspace\VaadinNavigation\target\test-classes;C:\Workspace\VaadinNavigation\target\classes;C:\Users\Frank\.m2\repository\org\springframework\boot\spring-boot-starter\2.1.2.RELEASE\spring-boot-starter-2.1.2.RELEASE.jar;C:\Users\Frank\.m2\repository\org\springframework\boot\spring-boot\2.1.2.RELEASE\spring-boot-2.1.2.RELEASE.jar;C:\Users\Frank\.m2\repository\org\springframework\spring-context\5.1.4.RELEASE\spring-context-5.1.4.RELEASE.jar;C:\Users\Frank\.m2\repository\org\springframework\boot\spring-boot-autoconfigure\2.1.2.RELEASE\spring-boot-autoconfigure-2.1.2.RELEASE.jar;C:\Users\Frank\.m2\repository\org\springframework\boot\spring-boot-starter-logging\2.1.2.RELEASE\spring-boot-starter-logging-2.1.2.RELEASE.jar;C:\Users\Frank\.m2\repository\ch\qos\logback\logback-classic\1.2.3\logback-classic-1.2.3.jar;C:\Users\Frank\.m2\repository\ch\qos\logback\logback-core\1.2.3\logback-core-1.2.3.jar;C:\Users\Frank\.m2\repository\org\apache\logging\log4j\log4j-to-slf4j\2.11.1\log4j-to-slf4j-2.11.1.jar;C:\Users\Frank\.m2\repository\org\apache\logging\log4j\log4j-api\2.11.1\log4j-api-2.11.1.jar;C:\Users\Frank\.m2\repository\org\slf4j\jul-to-slf4j\1.7.25\jul-to-slf4j-1.7.25.jar;C:\Users\Frank\.m2\repository\javax\annotation\javax.annotation-api\1.3.2\javax.annotation-api-1.3.2.jar;C:\Users\Frank\.m2\repository\org\springframework\spring-core\5.1.4.RELEASE\spring-core-5.1.4.RELEASE.jar;C:\Users\Frank\.m2\repository\org\springframework\spring-jcl\5.1.4.RELEASE\spring-jcl-5.1.4.RELEASE.jar;C:\Users\Frank\.m2\repository\org\yaml\snakeyaml\1.23\snakeyaml-1.23.jar;C:\Users\Frank\.m2\repository\org\springframework\boot\spring-boot-starter-web\2.1.2.RELEASE\spring-boot-starter-web-2.1.2.RELEASE.jar;C:\Users\Frank\.m2\repository\org\springframework\boot\spring-boot-starter-json\2.1.2.RELEASE\spring-boot-starter-json-2.1.2.RELEASE.jar;C:\Users\Frank\.m2\repository\com\fasterxml\jackson\core\jackson-databind\2.9.8\jackson-databind-2.9.8.jar;C:\Users\Frank\.m2\repository\com\fasterxml\jackson\core\jackson-annotations\2.9.0\jackson-annotations-2.9.0.jar;C:\Users\Frank\.m2\repository\com\fasterxml\jackson\core\jackson-core\2.9.8\jackson-core-2.9.8.jar;C:\Users\Frank\.m2\repository\com\fasterxml\jackson\datatype\jackson-datatype-jdk8\2.9.8\jackson-datatype-jdk8-2.9.8.jar;C:\Users\Frank\.m2\repository\com\fasterxml\jackson\datatype\jackson-datatype-jsr310\2.9.8\jackson-datatype-jsr310-2.9.8.jar;C:\Users\Frank\.m2\repository\com\fasterxml\jackson\module\jackson-module-parameter-names\2.9.8\jackson-module-parameter-names-2.9.8.jar;C:\Users\Frank\.m2\repository\org\springframework\boot\spring-boot-starter-tomcat\2.1.2.RELEASE\spring-boot-starter-tomcat-2.1.2.RELEASE.jar;C:\Users\Frank\.m2\repository\org\apache\tomcat\embed\tomcat-embed-core\9.0.14\tomcat-embed-core-9.0.14.jar;C:\Users\Frank\.m2\repository\org\apache\tomcat\embed\tomcat-embed-el\9.0.14\tomcat-embed-el-9.0.14.jar;C:\Users\Frank\.m2\repository\org\apache\tomcat\embed\tomcat-embed-websocket\9.0.14\tomcat-embed-websocket-9.0.14.jar;C:\Users\Frank\.m2\repository\org\hibernate\validator\hibernate-validator\6.0.14.Final\hibernate-validator-6.0.14.Final.jar;C:\Users\Frank\.m2\repository\javax\validation\validation-api\2.0.1.Final\validation-api-2.0.1.Final.jar;C:\Users\Frank\.m2\repository\org\jboss\logging\jboss-logging\3.3.2.Final\jboss-logging-3.3.2.Final.jar;C:\Users\Frank\.m2\repository\com\fasterxml\classmate\1.4.0\classmate-1.4.0.jar;C:\Users\Frank\.m2\repository\org\springframework\spring-web\5.1.4.RELEASE\spring-web-5.1.4.RELEASE.jar;C:\Users\Frank\.m2\repository\org\springframework\spring-beans\5.1.4.RELEASE\spring-beans-5.1.4.RELEASE.jar;C:\Users\Frank\.m2\repository\org\springframework\spring-webmvc\5.1.4.RELEASE\spring-webmvc-5.1.4.RELEASE.jar;C:\Users\Frank\.m2\repository\org\springframework\spring-aop\5.1.4.RELEASE\spring-aop-5.1.4.RELEASE.jar;C:\Users\Frank\.m2\repository\org\springframework\spring-expression\5.1.4.RELEASE\spring-expression-5.1.4.RELEASE.jar;C:\Users\Frank\.m2\repository\org\springframework\boot\spring-boot-starter-web-services\2.1.2.RELEASE\spring-boot-starter-web-services-2.1.2.RELEASE.jar;C:\Users\Frank\.m2\repository\com\sun\xml\messaging\saaj\saaj-impl\1.5.0\saaj-impl-1.5.0.jar;C:\Users\Frank\.m2\repository\javax\xml\soap\javax.xml.soap-api\1.4.0\javax.xml.soap-api-1.4.0.jar;C:\Users\Frank\.m2\repository\org\jvnet\mimepull\mimepull\1.9.10\mimepull-1.9.10.jar;C:\Users\Frank\.m2\repository\org\jvnet\staxex\stax-ex\1.8\stax-ex-1.8.jar;C:\Users\Frank\.m2\repository\javax\xml\ws\jaxws-api\2.3.1\jaxws-api-2.3.1.jar;C:\Users\Frank\.m2\repository\javax\xml\bind\jaxb-api\2.3.1\jaxb-api-2.3.1.jar;C:\Users\Frank\.m2\repository\javax\activation\javax.activation-api\1.2.0\javax.activation-api-1.2.0.jar;C:\Users\Frank\.m2\repository\org\springframework\spring-oxm\5.1.4.RELEASE\spring-oxm-5.1.4.RELEASE.jar;C:\Users\Frank\.m2\repository\org\springframework\ws\spring-ws-core\3.0.6.RELEASE\spring-ws-core-3.0.6.RELEASE.jar;C:\Users\Frank\.m2\repository\org\springframework\ws\spring-xml\3.0.6.RELEASE\spring-xml-3.0.6.RELEASE.jar;C:\Users\Frank\.m2\repository\commons-io\commons-io\2.5\commons-io-2.5.jar;C:\Users\Frank\.m2\repository\org\springframework\boot\spring-boot-configuration-processor\2.1.2.RELEASE\spring-boot-configuration-processor-2.1.2.RELEASE.jar;C:\Users\Frank\.m2\repository\org\springframework\boot\spring-boot-starter-test\2.1.2.RELEASE\spring-boot-starter-test-2.1.2.RELEASE.jar;C:\Users\Frank\.m2\repository\org\springframework\boot\spring-boot-test\2.1.2.RELEASE\spring-boot-test-2.1.2.RELEASE.jar;C:\Users\Frank\.m2\repository\org\springframework\boot\spring-boot-test-autoconfigure\2.1.2.RELEASE\spring-boot-test-autoconfigure-2.1.2.RELEASE.jar;C:\Users\Frank\.m2\repository\com\jayway\jsonpath\json-path\2.4.0\json-path-2.4.0.jar;C:\Users\Frank\.m2\repository\net\minidev\json-smart\2.3\json-smart-2.3.jar;C:\Users\Frank\.m2\repository\net\minidev\accessors-smart\1.2\accessors-smart-1.2.jar;C:\Users\Frank\.m2\repository\org\ow2\asm\asm\5.0.4\asm-5.0.4.jar;C:\Users\Frank\.m2\repository\org\slf4j\slf4j-api\1.7.25\slf4j-api-1.7.25.jar;C:\Users\Frank\.m2\repository\junit\junit\4.12\junit-4.12.jar;C:\Users\Frank\.m2\repository\org\assertj\assertj-core\3.11.1\assertj-core-3.11.1.jar;C:\Users\Frank\.m2\repository\org\mockito\mockito-core\2.23.4\mockito-core-2.23.4.jar;C:\Users\Frank\.m2\repository\net\bytebuddy\byte-buddy\1.9.7\byte-buddy-1.9.7.jar;C:\Users\Frank\.m2\repository\net\bytebuddy\byte-buddy-agent\1.9.7\byte-buddy-agent-1.9.7.jar;C:\Users\Frank\.m2\repository\org\objenesis\objenesis\2.6\objenesis-2.6.jar;C:\Users\Frank\.m2\repository\org\hamcrest\hamcrest-core\1.3\hamcrest-core-1.3.jar;C:\Users\Frank\.m2\repository\org\hamcrest\hamcrest-library\1.3\hamcrest-library-1.3.jar;C:\Users\Frank\.m2\repository\org\skyscreamer\jsonassert\1.5.0\jsonassert-1.5.0.jar;C:\Users\Frank\.m2\repository\com\vaadin\external\google\android-json\0.0.20131108.vaadin1\android-json-0.0.20131108.vaadin1.jar;C:\Users\Frank\.m2\repository\org\springframework\spring-test\5.1.4.RELEASE\spring-test-5.1.4.RELEASE.jar;C:\Users\Frank\.m2\repository\org\xmlunit\xmlunit-core\2.6.2\xmlunit-core-2.6.2.jar;C:\Users\Frank\.m2\repository\com\vaadin\vaadin-spring-boot-starter\12.0.3\vaadin-spring-boot-starter-12.0.3.jar;C:\Users\Frank\.m2\repository\com\vaadin\vaadin-spring\10.1.1\vaadin-spring-10.1.1.jar;C:\Users\Frank\.m2\repository\com\vaadin\flow-server\1.2.3\flow-server-1.2.3.jar;C:\Users\Frank\.m2\repository\com\vaadin\external\gwt\gwt-elemental\2.8.2.vaadin2\gwt-elemental-2.8.2.vaadin2.jar;C:\Users\Frank\.m2\repository\commons-fileupload\commons-fileupload\1.3.3\commons-fileupload-1.3.3.jar;C:\Users\Frank\.m2\repository\org\jsoup\jsoup\1.10.3\jsoup-1.10.3.jar;C:\Users\Frank\.m2\repository\com\helger\ph-css\6.1.1\ph-css-6.1.1.jar;C:\Users\Frank\.m2\repository\com\helger\ph-commons\9.1.2\ph-commons-9.1.2.jar;C:\Users\Frank\.m2\repository\com\google\code\findbugs\jsr305\3.0.2\jsr305-3.0.2.jar;C:\Users\Frank\.m2\repository\com\vaadin\external\gentyref\1.2.0.vaadin1\gentyref-1.2.0.vaadin1.jar;C:\Users\Frank\.m2\repository\com\vaadin\flow-push\1.2.3\flow-push-1.2.3.jar;C:\Users\Frank\.m2\repository\com\vaadin\external\atmosphere\atmosphere-runtime\2.4.30.vaadin1\atmosphere-runtime-2.4.30.vaadin1.jar;C:\Users\Frank\.m2\repository\com\vaadin\external\slf4j\vaadin-slf4j-jdk14\1.6.1\vaadin-slf4j-jdk14-1.6.1.jar;C:\Users\Frank\.m2\repository\com\vaadin\flow-client\1.2.3\flow-client-1.2.3.jar;C:\Users\Frank\.m2\repository\org\springframework\spring-websocket\5.1.4.RELEASE\spring-websocket-5.1.4.RELEASE.jar;C:\Users\Frank\.m2\repository\com\vaadin\vaadin-core\12.0.3\vaadin-core-12.0.3.jar;C:\Users\Frank\.m2\repository\com\vaadin\flow-html-components\1.2.3\flow-html-components-1.2.3.jar;C:\Users\Frank\.m2\repository\com\vaadin\flow-data\1.2.3\flow-data-1.2.3.jar;C:\Users\Frank\.m2\repository\com\vaadin\vaadin-lumo-theme\1.2.3\vaadin-lumo-theme-1.2.3.jar;C:\Users\Frank\.m2\repository\org\webjars\bowergithub\vaadin\vaadin-lumo-styles\1.3.3\vaadin-lumo-styles-1.3.3.jar;C:\Users\Frank\.m2\repository\org\webjars\bowergithub\polymerelements\iron-icon\2.1.0\iron-icon-2.1.0.jar;C:\Users\Frank\.m2\repository\org\webjars\bowergithub\polymerelements\iron-meta\2.1.1\iron-meta-2.1.1.jar;C:\Users\Frank\.m2\repository\org\webjars\bowergithub\polymerelements\iron-iconset-svg\2.2.1\iron-iconset-svg-2.2.1.jar;C:\Users\Frank\.m2\repository\org\webjars\bowergithub\polymerelements\iron-flex-layout\2.0.3\iron-flex-layout-2.0.3.jar;C:\Users\Frank\.m2\repository\org\webjars\bowergithub\polymer\polymer\2.6.1\polymer-2.6.1.jar;C:\Users\Frank\.m2\repository\org\webjars\bowergithub\webcomponents\webcomponentsjs\1.2.6\webcomponentsjs-1.2.6.jar;C:\Users\Frank\.m2\repository\org\webjars\bowergithub\webcomponents\shadycss\1.5.0-1\shadycss-1.5.0-1.jar;C:\Users\Frank\.m2\repository\com\vaadin\vaadin-material-theme\1.2.3\vaadin-material-theme-1.2.3.jar;C:\Users\Frank\.m2\repository\org\webjars\bowergithub\vaadin\vaadin-material-styles\1.2.0\vaadin-material-styles-1.2.0.jar;C:\Users\Frank\.m2\repository\com\vaadin\vaadin-button-flow\1.2.0\vaadin-button-flow-1.2.0.jar;C:\Users\Frank\.m2\repository\org\webjars\bowergithub\vaadin\vaadin-button\2.1.1\vaadin-button-2.1.1.jar;C:\Users\Frank\.m2\repository\org\webjars\bowergithub\vaadin\vaadin-element-mixin\2.1.2\vaadin-element-mixin-2.1.2.jar;C:\Users\Frank\.m2\repository\org\webjars\bowergithub\vaadin\vaadin-usage-statistics\2.0.1\vaadin-usage-statistics-2.0.1.jar;C:\Users\Frank\.m2\repository\org\webjars\bowergithub\vaadin\vaadin-development-mode-detector\2.0.0\vaadin-development-mode-detector-2.0.0.jar;C:\Users\Frank\.m2\repository\org\webjars\bowergithub\vaadin\vaadin-control-state-mixin\2.1.2\vaadin-control-state-mixin-2.1.2.jar;C:\Users\Frank\.m2\repository\org\webjars\bowergithub\vaadin\vaadin-themable-mixin\1.3.2\vaadin-themable-mixin-1.3.2.jar;C:\Users\Frank\.m2\repository\com\vaadin\vaadin-checkbox-flow\1.2.0\vaadin-checkbox-flow-1.2.0.jar;C:\Users\Frank\.m2\repository\org\webjars\bowergithub\vaadin\vaadin-checkbox\2.2.4\vaadin-checkbox-2.2.4.jar;C:\Users\Frank\.m2\repository\com\vaadin\vaadin-combo-box-flow\2.0.1\vaadin-combo-box-flow-2.0.1.jar;C:\Users\Frank\.m2\repository\org\webjars\bowergithub\vaadin\vaadin-combo-box\4.2.1\vaadin-combo-box-4.2.1.jar;C:\Users\Frank\.m2\repository\org\webjars\bowergithub\vaadin\vaadin-text-field\2.1.5\vaadin-text-field-2.1.5.jar;C:\Users\Frank\.m2\repository\org\webjars\bowergithub\polymerelements\iron-resizable-behavior\2.1.1\iron-resizable-behavior-2.1.1.jar;C:\Users\Frank\.m2\repository\org\webjars\bowergithub\polymerelements\iron-a11y-announcer\2.1.0\iron-a11y-announcer-2.1.0.jar;C:\Users\Frank\.m2\repository\org\webjars\bowergithub\polymerelements\iron-list\2.0.19\iron-list-2.0.19.jar;C:\Users\Frank\.m2\repository\org\webjars\bowergithub\polymerelements\iron-scroll-target-behavior\2.1.1\iron-scroll-target-behavior-2.1.1.jar;C:\Users\Frank\.m2\repository\org\webjars\bowergithub\polymerelements\iron-a11y-keys-behavior\2.1.1\iron-a11y-keys-behavior-2.1.1.jar;C:\Users\Frank\.m2\repository\org\webjars\bowergithub\vaadin\vaadin-item\2.1.0\vaadin-item-2.1.0.jar;C:\Users\Frank\.m2\repository\org\webjars\bowergithub\vaadin\vaadin-overlay\3.2.4\vaadin-overlay-3.2.4.jar;C:\Users\Frank\.m2\repository\org\webjars\bowergithub\polymerelements\iron-overlay-behavior\2.3.4\iron-overlay-behavior-2.3.4.jar;C:\Users\Frank\.m2\repository\org\webjars\bowergithub\polymerelements\iron-fit-behavior\2.2.1\iron-fit-behavior-2.2.1.jar;C:\Users\Frank\.m2\repository\com\vaadin\vaadin-date-picker-flow\1.2.1\vaadin-date-picker-flow-1.2.1.jar;C:\Users\Frank\.m2\repository\org\webjars\bowergithub\vaadin\vaadin-date-picker\3.3.2\vaadin-date-picker-3.3.2.jar;C:\Users\Frank\.m2\repository\org\webjars\bowergithub\polymerelements\iron-media-query\2.1.0\iron-media-query-2.1.0.jar;C:\Users\Frank\.m2\repository\com\vaadin\vaadin-dialog-flow\1.2.0\vaadin-dialog-flow-1.2.0.jar;C:\Users\Frank\.m2\repository\org\webjars\bowergithub\vaadin\vaadin-dialog\2.2.1\vaadin-dialog-2.2.1.jar;C:\Users\Frank\.m2\repository\com\vaadin\vaadin-form-layout-flow\1.2.0\vaadin-form-layout-flow-1.2.0.jar;C:\Users\Frank\.m2\repository\org\webjars\bowergithub\vaadin\vaadin-form-layout\2.1.1\vaadin-form-layout-2.1.1.jar;C:\Users\Frank\.m2\repository\com\vaadin\vaadin-grid-flow\2.1.3\vaadin-grid-flow-2.1.3.jar;C:\Users\Frank\.m2\repository\org\webjars\bowergithub\vaadin\vaadin-grid\5.2.5\vaadin-grid-5.2.5.jar;C:\Users\Frank\.m2\repository\org\apache\commons\commons-lang3\3.8.1\commons-lang3-3.8.1.jar;C:\Users\Frank\.m2\repository\com\vaadin\vaadin-icons-flow\1.2.0\vaadin-icons-flow-1.2.0.jar;C:\Users\Frank\.m2\repository\org\webjars\bowergithub\vaadin\vaadin-icons\4.2.1\vaadin-icons-4.2.1.jar;C:\Users\Frank\.m2\repository\com\vaadin\vaadin-iron-list-flow\1.2.1\vaadin-iron-list-flow-1.2.1.jar;C:\Users\Frank\.m2\repository\com\vaadin\vaadin-list-box-flow\1.2.0\vaadin-list-box-flow-1.2.0.jar;C:\Users\Frank\.m2\repository\org\webjars\bowergithub\vaadin\vaadin-list-box\1.1.0\vaadin-list-box-1.1.0.jar;C:\Users\Frank\.m2\repository\org\webjars\bowergithub\vaadin\vaadin-list-mixin\2.1.2\vaadin-list-mixin-2.1.2.jar;C:\Users\Frank\.m2\repository\com\vaadin\vaadin-ordered-layout-flow\1.2.0\vaadin-ordered-layout-flow-1.2.0.jar;C:\Users\Frank\.m2\repository\org\webjars\bowergithub\vaadin\vaadin-ordered-layout\1.1.0\vaadin-ordered-layout-1.1.0.jar;C:\Users\Frank\.m2\repository\com\vaadin\vaadin-progress-bar-flow\1.2.0\vaadin-progress-bar-flow-1.2.0.jar;C:\Users\Frank\.m2\repository\org\webjars\bowergithub\vaadin\vaadin-progress-bar\1.1.0\vaadin-progress-bar-1.1.0.jar;C:\Users\Frank\.m2\repository\com\vaadin\vaadin-radio-button-flow\1.2.0\vaadin-radio-button-flow-1.2.0.jar;C:\Users\Frank\.m2\repository\org\webjars\bowergithub\vaadin\vaadin-radio-button\1.1.3\vaadin-radio-button-1.1.3.jar;C:\Users\Frank\.m2\repository\com\vaadin\vaadin-split-layout-flow\1.2.0\vaadin-split-layout-flow-1.2.0.jar;C:\Users\Frank\.m2\repository\org\webjars\bowergithub\vaadin\vaadin-split-layout\4.1.0\vaadin-split-layout-4.1.0.jar;C:\Users\Frank\.m2\repository\com\vaadin\vaadin-tabs-flow\1.2.0\vaadin-tabs-flow-1.2.0.jar;C:\Users\Frank\.m2\repository\org\webjars\bowergithub\vaadin\vaadin-tabs\2.1.1\vaadin-tabs-2.1.1.jar;C:\Users\Frank\.m2\repository\com\vaadin\vaadin-text-field-flow\1.2.1\vaadin-text-field-flow-1.2.1.jar;C:\Users\Frank\.m2\repository\com\vaadin\vaadin-upload-flow\1.2.0\vaadin-upload-flow-1.2.0.jar;C:\Users\Frank\.m2\repository\org\webjars\bowergithub\vaadin\vaadin-upload\4.2.1\vaadin-upload-4.2.1.jar;C:\Users\Frank\.m2\repository\com\vaadin\vaadin-notification-flow\1.2.0\vaadin-notification-flow-1.2.0.jar;C:\Users\Frank\.m2\repository\org\webjars\bowergithub\vaadin\vaadin-notification\1.2.1\vaadin-notification-1.2.1.jar;C:\Users\Frank\.m2\repository\com\vaadin\vaadin-app-layout-flow\1.0.3\vaadin-app-layout-flow-1.0.3.jar;C:\Users\Frank\.m2\repository\org\webjars\bowergithub\vaadin\vaadin-app-layout\1.0.2\vaadin-app-layout-1.0.2.jar;C:\Users\Frank\.m2\repository\com\vaadin\vaadin-context-menu-flow\1.2.2\vaadin-context-menu-flow-1.2.2.jar;C:\Users\Frank\.m2\repository\org\webjars\bowergithub\vaadin\vaadin-context-menu\4.2.1\vaadin-context-menu-4.2.1.jar;"/>
    <property name="sun.cpu.endian" value="little"/>
    <property name="user.home" value="C:\Users\Frank"/>
    <property name="user.language" value="de"/>
    <property name="java.specification.vendor" value="Oracle Corporation"/>
    <property name="java.home" value="C:\Program Files\Java\jdk1.8.0_144\jre"/>
    <property name="basedir" value="C:\Workspace\VaadinNavigation"/>
    <property name="file.separator" value="\"/>
    <property name="line.separator" value="&#10;"/>
    <property name="java.vm.specification.vendor" value="Oracle Corporation"/>
    <property name="java.specification.name" value="Java Platform API Specification"/>
    <property name="java.awt.graphicsenv" value="sun.awt.Win32GraphicsEnvironment"/>
    <property name="surefire.real.class.path" value="C:\Users\Frank\AppData\Local\Temp\surefire2054666256504484953\surefirebooter6376693565474627805.jar"/>
    <property name="sun.boot.class.path" value="C:\Program Files\Java\jdk1.8.0_144\jre\lib\resources.jar;C:\Program Files\Java\jdk1.8.0_144\jre\lib\rt.jar;C:\Program Files\Java\jdk1.8.0_144\jre\lib\sunrsasign.jar;C:\Program Files\Java\jdk1.8.0_144\jre\lib\jsse.jar;C:\Program Files\Java\jdk1.8.0_144\jre\lib\jce.jar;C:\Program Files\Java\jdk1.8.0_144\jre\lib\charsets.jar;C:\Program Files\Java\jdk1.8.0_144\jre\lib\jfr.jar;C:\Program Files\Java\jdk1.8.0_144\jre\classes"/>
    <property name="user.script" value=""/>
    <property name="sun.management.compiler" value="HotSpot 64-Bit Tiered Compilers"/>
    <property name="java.runtime.version" value="1.8.0_144-b01"/>
    <property name="user.name" value="Frank"/>
    <property name="path.separator" value=";"/>
    <property name="os.version" value="10.0"/>
    <property name="java.endorsed.dirs" value="C:\Program Files\Java\jdk1.8.0_144\jre\lib\endorsed"/>
    <property name="java.runtime.name" value="Java(TM) SE Runtime Environment"/>
    <property name="file.encoding" value="UTF-8"/>
    <property name="java.vm.name" value="Java HotSpot(TM) 64-Bit Server VM"/>
    <property name="maven.ext.class.path" value="C:\Program Files\netbeans\java\maven-nblib\netbeans-eventspy.jar"/>
    <property name="localRepository" value="C:\Users\Frank\.m2\repository"/>
    <property name="java.vendor.url.bug" value="http://bugreport.sun.com/bugreport/"/>
    <property name="java.io.tmpdir" value="C:\Users\Frank\AppData\Local\Temp\"/>
    <property name="java.version" value="1.8.0_144"/>
    <property name="user.dir" value="C:\Workspace\VaadinNavigation"/>
    <property name="os.arch" value="amd64"/>
    <property name="java.vm.specification.name" value="Java Virtual Machine Specification"/>
    <property name="java.awt.printerjob" value="sun.awt.windows.WPrinterJob"/>
    <property name="sun.os.patch.level" value=""/>
    <property name="java.library.path" value="C:\Program Files\Java\jdk1.8.0_144\jre\bin;C:\WINDOWS\Sun\Java\bin;C:\WINDOWS\system32;C:\WINDOWS;C:\ProgramData\Oracle\Java\javapath;C:\Program Files (x86)\Intel\iCLS Client\;C:\Program Files\Intel\iCLS Client\;C:\Windows\system32;C:\Windows;C:\Windows\System32\Wbem;C:\Windows\System32\WindowsPowerShell\v1.0\;C:\Program Files (x86)\Intel\Intel(R) Management Engine Components\DAL;C:\Program Files\Intel\Intel(R) Management Engine Components\DAL;C:\Program Files (x86)\Intel\Intel(R) Management Engine Components\IPT;C:\Program Files\Intel\Intel(R) Management Engine Components\IPT;C:\Program Files (x86)\NVIDIA Corporation\PhysX\Common;C:\Program Files\Microsoft SQL Server\110\Tools\Binn\;C:\WINDOWS\system32;C:\WINDOWS;C:\WINDOWS\System32\Wbem;C:\WINDOWS\System32\WindowsPowerShell\v1.0\;C:\WINDOWS\System32\OpenSSH\;C:\Program Files\Git\cmd;C:\Users\Frank\AppData\Local\Microsoft\WindowsApps;;."/>
    <property name="java.vm.info" value="mixed mode"/>
    <property name="java.vendor" value="Oracle Corporation"/>
    <property name="java.vm.version" value="25.144-b01"/>
    <property name="java.ext.dirs" value="C:\Program Files\Java\jdk1.8.0_144\jre\lib\ext;C:\WINDOWS\Sun\Java\lib\ext"/>
    <property name="sun.io.unicode.encoding" value="UnicodeLittle"/>
    <property name="java.class.version" value="52.0"/>
  </properties>
  <testcase name="initializationError" classname="com.example.BasicApplicationTests" time="0.016">
    <error message="Unable to find a @SpringBootConfiguration, you need to use @ContextConfiguration or @SpringBootTest(classes=...) with your test" type="java.lang.IllegalStateException">java.lang.IllegalStateException: Unable to find a @SpringBootConfiguration, you need to use @ContextConfiguration or @SpringBootTest(classes=...) with your test
</error>
    <system-out><![CDATA[16:48:25.363 [main] DEBUG org.springframework.test.context.junit4.SpringJUnit4ClassRunner - SpringJUnit4ClassRunner constructor called with [class com.example.BasicApplicationTests]
16:48:25.363 [main] DEBUG org.springframework.test.context.BootstrapUtils - Instantiating CacheAwareContextLoaderDelegate from class [org.springframework.test.context.cache.DefaultCacheAwareContextLoaderDelegate]
16:48:25.378 [main] DEBUG org.springframework.test.context.BootstrapUtils - Instantiating BootstrapContext using constructor [public org.springframework.test.context.support.DefaultBootstrapContext(java.lang.Class,org.springframework.test.context.CacheAwareContextLoaderDelegate)]
16:48:25.394 [main] DEBUG org.springframework.test.context.BootstrapUtils - Instantiating TestContextBootstrapper for test class [com.example.BasicApplicationTests] from class [org.springframework.boot.test.context.SpringBootTestContextBootstrapper]
16:48:25.410 [main] INFO org.springframework.boot.test.context.SpringBootTestContextBootstrapper - Neither @ContextConfiguration nor @ContextHierarchy found for test class [com.example.BasicApplicationTests], using SpringBootContextLoader
16:48:25.410 [main] DEBUG org.springframework.test.context.support.AbstractContextLoader - Did not detect default resource location for test class [com.example.BasicApplicationTests]: class path resource [com/example/BasicApplicationTests-context.xml] does not exist
16:48:25.410 [main] DEBUG org.springframework.test.context.support.AbstractContextLoader - Did not detect default resource location for test class [com.example.BasicApplicationTests]: class path resource [com/example/BasicApplicationTestsContext.groovy] does not exist
16:48:25.410 [main] INFO org.springframework.test.context.support.AbstractContextLoader - Could not detect default resource locations for test class [com.example.BasicApplicationTests]: no resource found for suffixes {-context.xml, Context.groovy}.
16:48:25.410 [main] INFO org.springframework.test.context.support.AnnotationConfigContextLoaderUtils - Could not detect default configuration classes for test class [com.example.BasicApplicationTests]: BasicApplicationTests does not declare any static, non-private, non-final, nested classes annotated with @Configuration.
16:48:25.441 [main] DEBUG org.springframework.test.context.support.ActiveProfilesUtils - Could not find an 'annotation declaring class' for annotation type [org.springframework.test.context.ActiveProfiles] and class [com.example.BasicApplicationTests]
]]></system-out>
  </testcase>
</testsuite>